<?xml version="1.0" encoding="UTF-8"?>
<!-- Generated by org.testng.reporters.JUnitXMLReporter -->
<testsuite ignored="0" hostname="Srinath" failures="1" tests="1" name="Surefire test" time="2.484" errors="0" timestamp="2023-03-28T16:46:27 EDT">
  <testcase classname="org.mln.ContextTracing" name="learnContextTracing on learnContextTracing(org.mln.ContextTracing)" time="2.398">
    <failure type="com.microsoft.playwright.PlaywrightException" message="Source location specified in PLAYWRIGHT_JAVA_SRC doesn&amp;apos;t exist: &amp;apos;C:\Users\laksh\git\src\test\java&amp;apos;">
      <![CDATA[com.microsoft.playwright.PlaywrightException: Source location specified in PLAYWRIGHT_JAVA_SRC doesn't exist: 'C:\Users\laksh\git\src\test\java'
at com.microsoft.playwright.impl.StackTraceCollector.createFromEnv(StackTraceCollector.java:49)
at com.microsoft.playwright.impl.Connection.<init>(Connection.java:101)
at com.microsoft.playwright.impl.Connection.<init>(Connection.java:90)
at com.microsoft.playwright.impl.PlaywrightImpl.createImpl(PlaywrightImpl.java:51)
at com.microsoft.playwright.impl.PlaywrightImpl.create(PlaywrightImpl.java:35)
at com.microsoft.playwright.Playwright.create(Playwright.java:110)
at com.microsoft.playwright.Playwright.create(Playwright.java:114)
at org.mln.ContextTracing.learnContextTracing(ContextTracing.java:13)
at org.junit.runners.model.FrameworkMethod$1.runReflectiveCall(FrameworkMethod.java:59)
at org.junit.internal.runners.model.ReflectiveCallable.run(ReflectiveCallable.java:12)
at org.junit.runners.model.FrameworkMethod.invokeExplosively(FrameworkMethod.java:56)
at org.junit.internal.runners.statements.InvokeMethod.evaluate(InvokeMethod.java:17)
at org.junit.runners.ParentRunner$3.evaluate(ParentRunner.java:306)
at org.junit.runners.BlockJUnit4ClassRunner$1.evaluate(BlockJUnit4ClassRunner.java:100)
at org.junit.runners.ParentRunner.runLeaf(ParentRunner.java:366)
at org.junit.runners.BlockJUnit4ClassRunner.runChild(BlockJUnit4ClassRunner.java:103)
at org.junit.runners.BlockJUnit4ClassRunner.runChild(BlockJUnit4ClassRunner.java:63)
at org.junit.runners.ParentRunner$4.run(ParentRunner.java:331)
at org.junit.runners.ParentRunner$1.schedule(ParentRunner.java:79)
at org.junit.runners.ParentRunner.runChildren(ParentRunner.java:329)
at org.junit.runners.ParentRunner.access$100(ParentRunner.java:66)
at org.junit.runners.ParentRunner$2.evaluate(ParentRunner.java:293)
at org.junit.runners.ParentRunner$3.evaluate(ParentRunner.java:306)
at org.junit.runners.ParentRunner.run(ParentRunner.java:413)
at org.junit.runner.JUnitCore.run(JUnitCore.java:137)
at org.junit.runner.JUnitCore.run(JUnitCore.java:115)
at java.base/java.util.ArrayList.forEach(ArrayList.java:1541)
... Removed 28 stack frames]]>
    </failure>
  </testcase> <!-- learnContextTracing on learnContextTracing(org.mln.ContextTracing) -->
</testsuite> <!-- Surefire test -->
